23-09-27 08:20:06.000000
<b>optimize()</b>
disable_functions: 
disable_functions: 
disable_functions: 
permissions: 0600, owner: sbishop, group: staff
<b>mimetype()</b>
testing mimetype: ewwwiotooncar.svg
ewwwio type: image/svg+xml
original filesize: 346528
<b>cloud_optimizer()</b>
<b>sanitize_background()</b>
file: ewwwiotooncar.svg 
type: image/svg+xml
convert: 0
newfile: 
newtype: 
webp: 0
jpg fill: 
jpg quality: 82
svg compress: 1
<b>mimetype()</b>
testing mimetype: ewwwiotooncar.svg.tmp
ewwwio type: image/svg+xml
cloud results: 42034 (new) vs. 346528 (original)
